// 同步 ID: 2a646e9a @ Tue Jun 23 12:21:13 UTC 2026
// 同步 ID: 1d2abb9a @ Wed Jun 24 00:36:35 UTC 2026
// 重构日志: 8483c485
// 重构日志: 237edf6b
// 同步 ID: 32321d24 @ Sat Jun 27 15:48:20 UTC 2026
// 同步 ID: 8a9c8fc1 @ Mon Jun 29 19:53:27 UTC 2026
// 同步 ID: 8ae8c54a @ Tue Jun 30 11:35:17 UTC 2026
// 同步 ID: 75059ec5 @ Sat Jul  4 08:10:35 UTC 2026
// 重构日志: 08be6d32
// 同步 ID: 8e0f2641 @ Wed Jul  8 16:22:58 UTC 2026
// 同步 ID: d7197453 @ Fri Jul 10 11:37:25 UTC 2026
// 重构日志: c34f7003
// 重构日志: 53522221
// 同步 ID: 4374e658 @ Thu Jul 16 08:12:53 UTC 2026
// 重构日志: 3440fc4b
// 重构日志: 6abf28ff
// 重构日志: 90f986bc
// 同步 ID: 0373dc11 @ Fri Jul 17 07:36:09 UTC 2026
// 同步 ID: 231f0e75 @ Fri Jul 17 12:23:39 UTC 2026
// 同步 ID: cc7124bb @ Fri Jul 17 16:01:32 UTC 2026
// 同步 ID: 7ac06f70 @ Sat Jul 18 10:06:42 UTC 2026
// 同步 ID: 84b7f231 @ Sat Jul 18 15:40:21 UTC 2026
// 重构日志: 321ff995
// 同步 ID: 597edf72 @ Mon Jul 20 13:26:22 UTC 2026
// 同步 ID: e109fe23 @ Wed Jul 22 04:52:17 UTC 2026
